<?xml version="1.0" encoding="UTF-8"?>
<!-- Generated by org.testng.reporters.JUnitReportReporter -->
<testsuite hostname="DESKTOP-O5MDK6V" failures="0" tests="1" name="tests.LoginTest" time="4.668" errors="0" timestamp="2022-07-13T23:08:20 IST" skipped="0">
  <testcase classname="tests.LoginTest" name="login" time="4.668"/>
  <system-out/>
</testsuite> <!-- tests.LoginTest -->
